
[2025-05-28T20:25:23.976Z] [INFO] GET /api/subscriptions?type=subscriptions&page=1&search= 404 - 4ms
[2025-05-28T20:25:25.239Z] [INFO] GET /api/subscriptions?type=subscribers&page=1&search= 404 - 2ms
[2025-05-28T20:25:26.540Z] [INFO] GET /api/subscriptions?type=subscriptions&page=1&search= 404 - 0ms
[2025-05-28T20:25:46.122Z] [INFO] GET /api/auth/profile 304 - 1ms
[2025-05-28T20:25:46.116Z] [INFO] GET /api/auth/profile 304 - 9ms
[2025-05-28T20:25:46.120Z] [INFO] GET /api/auth/profile 304 - 3ms
[2025-05-28T20:25:46.125Z] [INFO] GET /api/auth/profile 304 - 2ms
[2025-05-28T20:25:49.844Z] [INFO] GET /api/auth/profile 304 - 1ms
[2025-05-28T20:25:49.847Z] [INFO] GET /api/auth/profile 304 - 1ms
[2025-05-28T20:25:49.850Z] [INFO] GET /api/auth/profile 304 - 2ms
[2025-05-28T20:25:49.853Z] [INFO] GET /api/auth/profile 304 - 2ms
[2025-05-28T20:25:51.428Z] [INFO] POST /api/auth/login 200 - 169ms
[2025-05-28T20:25:51.434Z] [INFO] GET /api/auth/profile 200 - 2ms
[2025-05-28T20:25:53.798Z] [INFO] GET /api/subscriptions?type=subscribers&page=1&search= 404 - 1ms
[2025-05-28T20:25:54.845Z] [INFO] GET /api/subscriptions?type=subscriptions&page=1&search= 404 - 1ms
[2025-05-28T20:31:41.958Z] [INFO] GET /api/auth/profile 401 - 4ms
[2025-05-28T20:31:41.961Z] [INFO] GET /api/events?search=&sortBy=start_date&sortOrder=ASC&page=1&limited=6 401 - 0ms
[2025-05-28T20:31:41.963Z] [INFO] GET /api/auth/profile 401 - 1ms
[2025-05-28T20:31:41.967Z] [INFO] GET /api/events?search=&sortBy=start_date&sortOrder=ASC&page=1&limited=6 401 - 1ms
[2025-05-28T20:31:42.801Z] [INFO] GET /api/auth/profile 401 - 1ms
[2025-05-28T20:31:42.805Z] [INFO] GET /api/auth/profile 401 - 1ms
[2025-05-28T20:31:42.808Z] [INFO] GET /api/auth/profile 401 - 1ms
[2025-05-28T20:31:42.811Z] [INFO] GET /api/auth/profile 401 - 1ms
[2025-05-28T20:31:52.581Z] [INFO] POST /api/auth/register 201 - 112ms
[2025-05-28T20:31:52.596Z] [INFO] GET /api/auth/profile 401 - 1ms
[2025-05-28T20:31:55.340Z] [INFO] GET /api/events?search=&sortBy=start_date&sortOrder=ASC&limited=10 401 - 0ms
[2025-05-28T20:31:55.343Z] [INFO] GET /api/events?search=&sortBy=start_date&sortOrder=ASC&limited=10 401 - 0ms
[2025-05-28T20:31:55.342Z] [INFO] GET /api/user/profile 401 - 1ms
[2025-05-28T20:31:55.346Z] [INFO] GET /api/events?search=&sortBy=start_date&sortOrder=ASC&limited=10 401 - 0ms
[2025-05-28T20:31:55.345Z] [INFO] GET /api/user/profile 401 - 1ms
[2025-05-28T20:31:55.349Z] [INFO] GET /api/events?search=&sortBy=start_date&sortOrder=ASC&limited=10 401 - 1ms
[2025-05-28T20:31:55.363Z] [INFO] GET /api/requests?limit=10&page=1 401 - 1ms
[2025-05-28T20:31:55.366Z] [INFO] GET /api/requests?limit=10&page=1 401 - 1ms
[2025-05-28T20:31:56.135Z] [INFO] GET /api/user/profile 401 - 0ms
[2025-05-28T20:31:56.132Z] [INFO] GET /api/user/profile 401 - 1ms
[2025-05-28T20:31:59.143Z] [INFO] GET /api/user/profile 401 - 1ms
[2025-05-28T20:31:59.145Z] [INFO] GET /api/user/profile 401 - 0ms
[2025-05-28T20:32:00.255Z] [INFO] GET /api/auth/profile 401 - 1ms
[2025-05-28T20:32:00.260Z] [INFO] GET /api/auth/profile 401 - 1ms
[2025-05-28T20:32:02.201Z] [INFO] GET /api/auth/profile 401 - 0ms
[2025-05-28T20:32:02.203Z] [INFO] GET /api/auth/profile 401 - 0ms
[2025-05-28T20:32:02.206Z] [INFO] GET /api/auth/profile 401 - 1ms
[2025-05-28T20:32:02.208Z] [INFO] GET /api/auth/profile 401 - 1ms
[2025-05-28T20:32:05.312Z] [INFO] GET /api/auth/profile 401 - 1ms
[2025-05-28T20:32:05.315Z] [INFO] GET /api/auth/profile 401 - 0ms
[2025-05-28T20:32:05.320Z] [INFO] GET /api/auth/profile 401 - 0ms
[2025-05-28T20:32:05.324Z] [INFO] GET /api/auth/profile 401 - 1ms
[2025-05-28T20:32:06.543Z] [INFO] POST /api/auth/login 200 - 83ms
[2025-05-28T20:32:06.558Z] [INFO] GET /api/auth/profile 200 - 3ms
[2025-05-28T20:32:06.595Z] [INFO] GET /api/user/profile 200 - 28ms
[2025-05-28T20:32:08.369Z] [INFO] GET /api/subscriptions?type=subscriptions&page=1&search= 404 - 1ms
[2025-05-28T20:32:08.372Z] [INFO] GET /api/subscriptions?type=subscriptions&page=1&search= 404 - 1ms
[2025-05-28T20:32:17.760Z] [INFO] GET /api/auth/profile 304 - 2ms
[2025-05-28T20:32:17.762Z] [INFO] GET /api/auth/profile 304 - 1ms
[2025-05-28T20:32:17.781Z] [INFO] GET /api/user/profile 404 - 10ms
[2025-05-28T20:32:22.498Z] [INFO] GET /api/auth/profile 304 - 3ms
[2025-05-28T20:32:22.500Z] [INFO] GET /api/auth/profile 304 - 1ms
[2025-05-28T20:32:22.510Z] [INFO] GET /api/user/profile 404 - 4ms
[2025-05-28T20:32:27.420Z] [INFO] GET /api/events/user 200 - 9ms
[2025-05-28T20:32:27.424Z] [INFO] GET /api/events/user 304 - 3ms
[2025-05-28T20:32:28.715Z] [INFO] GET /api/events?search=&sortBy=start_date&sortOrder=ASC&limited=10 304 - 15ms
[2025-05-28T20:32:28.714Z] [INFO] Fetched 0 events
[2025-05-28T20:32:28.716Z] [INFO] GET /api/user/profile 404 - 9ms
[2025-05-28T20:32:28.731Z] [INFO] Fetched 0 events
[2025-05-28T20:32:28.731Z] [INFO] GET /api/events?search=&sortBy=start_date&sortOrder=ASC&limited=10 304 - 14ms
[2025-05-28T20:32:28.733Z] [INFO] GET /api/user/profile 404 - 11ms
[2025-05-28T20:32:28.750Z] [INFO] Получено заявок: 0
[2025-05-28T20:32:28.751Z] [INFO] GET /api/requests?limit=10&page=1 200 - 14ms
[2025-05-28T20:32:28.753Z] [INFO] GET /api/events?search=&sortBy=start_date&sortOrder=ASC&limited=10 304 - 11ms
[2025-05-28T20:32:28.752Z] [INFO] Fetched 0 events
[2025-05-28T20:32:28.771Z] [INFO] GET /api/requests?limit=10&page=1 304 - 16ms
[2025-05-28T20:32:28.773Z] [INFO] GET /api/events?search=&sortBy=start_date&sortOrder=ASC&limited=10 304 - 8ms
[2025-05-28T20:32:28.770Z] [INFO] Получено заявок: 0
[2025-05-28T20:32:28.772Z] [INFO] Fetched 0 events
[2025-05-28T20:32:28.781Z] [INFO] Получено заявок: 0
[2025-05-28T20:32:28.782Z] [INFO] GET /api/requests?limit=10&page=1 304 - 8ms
[2025-05-28T20:32:28.787Z] [INFO] Получено заявок: 0
[2025-05-28T20:32:28.788Z] [INFO] GET /api/requests?limit=10&page=1 304 - 5ms
[2025-05-28T20:32:29.250Z] [INFO] GET /api/subscriptions?type=subscriptions&page=1&search= 404 - 1ms
[2025-05-28T20:32:29.252Z] [INFO] GET /api/subscriptions?type=subscriptions&page=1&search= 404 - 1ms
[2025-05-28T20:32:34.081Z] [INFO] GET /api/auth/profile 304 - 1ms
[2025-05-28T20:32:34.086Z] [INFO] Fetched 0 events
[2025-05-28T20:32:34.087Z] [INFO] GET /api/events?search=&sortBy=start_date&sortOrder=ASC&page=1&limited=6 200 - 5ms
[2025-05-28T20:32:34.090Z] [INFO] GET /api/auth/profile 304 - 2ms
[2025-05-28T20:32:34.097Z] [INFO] GET /api/events?search=&sortBy=start_date&sortOrder=ASC&page=1&limited=6 304 - 6ms
[2025-05-28T20:32:34.096Z] [INFO] Fetched 0 events
[2025-05-28T20:32:52.884Z] [INFO] GET /api/events?search=&sortBy=start_date&sortOrder=ASC&page=1&limited=6 401 - 0ms
[2025-05-28T20:32:52.885Z] [INFO] GET /api/auth/profile 401 - 0ms
[2025-05-28T20:32:52.886Z] [INFO] GET /api/events?search=&sortBy=start_date&sortOrder=ASC&page=1&limited=6 401 - 0ms
[2025-05-28T20:32:52.887Z] [INFO] GET /api/auth/profile 401 - 0ms
[2025-05-28T20:32:53.468Z] [INFO] GET /api/auth/profile 401 - 1ms
[2025-05-28T20:32:53.469Z] [INFO] GET /api/auth/profile 401 - 0ms
[2025-05-28T20:32:53.470Z] [INFO] GET /api/auth/profile 401 - 0ms
[2025-05-28T20:32:53.472Z] [INFO] GET /api/auth/profile 401 - 1ms
[2025-05-28T20:33:00.177Z] [INFO] POST /api/auth/register 201 - 76ms
[2025-05-28T20:33:00.182Z] [INFO] GET /api/auth/profile 401 - 1ms
[2025-05-28T20:33:03.364Z] [INFO] GET /api/events?search=&sortBy=start_date&sortOrder=ASC&page=1&limited=6 401 - 0ms
[2025-05-28T20:33:03.365Z] [INFO] GET /api/auth/profile 401 - 0ms
[2025-05-28T20:33:03.366Z] [INFO] GET /api/events?search=&sortBy=start_date&sortOrder=ASC&page=1&limited=6 401 - 0ms
[2025-05-28T20:33:03.367Z] [INFO] GET /api/auth/profile 401 - 1ms
[2025-05-28T20:33:04.751Z] [INFO] GET /api/auth/profile 401 - 1ms
[2025-05-28T20:33:04.752Z] [INFO] GET /api/auth/profile 401 - 0ms
[2025-05-28T20:33:04.754Z] [INFO] GET /api/auth/profile 401 - 1ms
[2025-05-28T20:33:04.756Z] [INFO] GET /api/auth/profile 401 - 1ms
[2025-05-28T20:33:06.658Z] [INFO] POST /api/auth/login 200 - 88ms
[2025-05-28T20:33:06.664Z] [INFO] GET /api/auth/profile 200 - 2ms
[2025-05-28T20:33:10.123Z] [INFO] GET /api/user/profile 200 - 13ms
[2025-05-28T20:33:10.136Z] [INFO] GET /api/user/profile 304 - 11ms
[2025-05-28T20:33:21.552Z] [INFO] POST /api/subscriptions 404 - 0ms
[2025-05-28T20:33:54.108Z] [INFO] POST /api/subscriptions 404 - 0ms
[2025-05-28T20:33:54.731Z] [INFO] GET /api/subscriptions?type=subscribers&page=1&search= 404 - 0ms
[2025-05-28T20:34:01.031Z] [INFO] GET /api/subscriptions?type=subscriptions&page=1&search= 404 - 0ms
[2025-05-28T20:34:01.033Z] [INFO] GET /api/subscriptions?type=subscriptions&page=1&search= 404 - 1ms
[2025-05-28T20:34:01.676Z] [INFO] GET /api/subscriptions?type=subscribers&page=1&search= 404 - 1ms
[2025-05-28T20:34:04.153Z] [INFO] GET /api/subscriptions?type=subscriptions&page=1&search= 404 - 0ms
[2025-05-28T20:34:04.239Z] [INFO] GET /api/subscriptions?type=subscribers&page=1&search= 404 - 1ms
[2025-05-28T20:34:05.399Z] [INFO] GET /api/subscriptions?type=subscriptions&page=1&search= 404 - 1ms
[2025-05-28T20:34:06.183Z] [INFO] GET /api/subscriptions?type=subscribers&page=1&search= 404 - 1ms
[2025-05-28T20:34:09.165Z] [INFO] GET /api/subscriptions?type=subscriptions&page=1&search= 404 - 1ms
[2025-05-28T20:41:31.061Z] [INFO] GET /api/subscriptions?type=subscriptions&page=1&search= 404 - 3ms
[2025-05-28T20:41:31.070Z] [INFO] GET /api/auth/profile 304 - 7ms
[2025-05-28T20:41:31.076Z] [INFO] GET /api/auth/profile 304 - 2ms
[2025-05-28T20:41:31.073Z] [INFO] GET /api/subscriptions?type=subscriptions&page=1&search= 404 - 1ms
[2025-05-28T20:41:36.872Z] [INFO] POST /api/subscriptions 404 - 1ms
[2025-05-28T20:42:00.820Z] [INFO] GET /api/events/user 200 - 67ms
[2025-05-28T20:42:00.827Z] [INFO] GET /api/events/user 304 - 5ms
[2025-05-28T20:42:12.469Z] [INFO] GET /api/user/profile 304 - 23ms
[2025-05-28T20:42:12.479Z] [INFO] GET /api/user/profile 304 - 10ms
[2025-05-28T20:42:18.551Z] [INFO] GET /api/subscriptions?type=subscriptions&page=1&search= 404 - 1ms
[2025-05-28T20:42:18.555Z] [INFO] GET /api/subscriptions?type=subscriptions&page=1&search= 404 - 1ms
[2025-05-28T20:45:04.518Z] [INFO] GET /api/auth/profile 304 - 2ms
[2025-05-28T20:45:04.514Z] [INFO] GET /api/subscriptions?type=subscriptions&page=1&search= 404 - 1ms
[2025-05-28T20:45:04.522Z] [INFO] GET /api/subscriptions?type=subscriptions&page=1&search= 404 - 0ms
[2025-05-28T20:45:04.526Z] [INFO] GET /api/auth/profile 304 - 2ms
[2025-05-28T20:45:07.256Z] [INFO] GET /api/subscriptions?type=subscribers&page=1&search= 404 - 1ms
[2025-05-28T20:45:08.709Z] [INFO] GET /api/subscriptions?type=subscriptions&page=1&search= 404 - 1ms
[2025-05-28T20:45:08.712Z] [INFO] GET /api/auth/profile 304 - 2ms
[2025-05-28T20:45:08.714Z] [INFO] GET /api/auth/profile 304 - 2ms
[2025-05-28T20:45:08.716Z] [INFO] GET /api/subscriptions?type=subscriptions&page=1&search= 404 - 0ms
[2025-05-28T20:45:10.604Z] [INFO] GET /api/subscriptions?type=subscribers&page=1&search= 404 - 1ms
[2025-05-28T20:45:11.553Z] [INFO] GET /api/subscriptions?type=subscriptions&page=1&search= 404 - 1ms
[2025-05-28T20:45:12.622Z] [INFO] GET /api/subscriptions?type=subscribers&page=1&search= 404 - 0ms
[2025-05-28T20:45:13.859Z] [INFO] GET /api/subscriptions?type=subscriptions&page=1&search= 404 - 1ms
[2025-05-28T20:46:04.319Z] [INFO] GET /api/subscriptions?type=subscriptions&page=1&search= 404 - 3ms
[2025-05-28T20:46:04.327Z] [INFO] GET /api/auth/profile 304 - 7ms
[2025-05-28T20:46:04.330Z] [INFO] GET /api/subscriptions?type=subscriptions&page=1&search= 404 - 1ms
[2025-05-28T20:46:04.333Z] [INFO] GET /api/auth/profile 304 - 2ms
[2025-05-28T20:46:17.512Z] [INFO] GET /api/subscriptions?type=subscribers&page=1&search= 404 - 1ms
[2025-05-28T20:46:18.101Z] [INFO] GET /api/subscriptions?type=subscriptions&page=1&search= 404 - 0ms
[2025-05-28T20:47:07.860Z] [INFO] GET /api/auth/profile 304 - 1ms
[2025-05-28T20:47:07.862Z] [INFO] GET /api/auth/profile 304 - 1ms
[2025-05-28T20:47:07.858Z] [INFO] GET /api/subscriber?type=subscriptions&page=1&search= 403 - 2ms
[2025-05-28T20:47:07.867Z] [INFO] GET /api/subscriber?type=subscriptions&page=1&search= 403 - 3ms
[2025-05-28T20:47:47.819Z] [INFO] GET /api/subscriber?type=subscriptions&page=1&search= 500 - 5ms
[2025-05-28T20:47:47.826Z] [INFO] GET /api/auth/profile 304 - 2ms
[2025-05-28T20:47:47.823Z] [INFO] GET /api/auth/profile 304 - 2ms
[2025-05-28T20:47:47.830Z] [INFO] GET /api/subscriber?type=subscriptions&page=1&search= 500 - 2ms
[2025-05-28T20:48:31.272Z] [INFO] GET /api/subscriber?type=subscriptions&page=1&search= 500 - 9ms
[2025-05-28T20:48:31.277Z] [INFO] GET /api/auth/profile 304 - 3ms
[2025-05-28T20:48:31.280Z] [INFO] GET /api/auth/profile 304 - 2ms
[2025-05-28T20:48:31.284Z] [INFO] GET /api/subscriber?type=subscriptions&page=1&search= 500 - 3ms
[2025-05-28T20:48:31.902Z] [INFO] GET /api/subscriber?type=subscribers&page=1&search= 500 - 2ms
[2025-05-28T20:48:40.872Z] [INFO] GET /api/subscriber?type=subscriptions&page=1&search= 500 - 2ms
[2025-05-28T20:48:40.874Z] [INFO] GET /api/auth/profile 304 - 1ms
[2025-05-28T20:48:40.877Z] [INFO] GET /api/auth/profile 304 - 2ms
[2025-05-28T20:48:40.882Z] [INFO] GET /api/subscriber?type=subscriptions&page=1&search= 500 - 3ms
[2025-05-28T20:48:42.109Z] [INFO] GET /api/subscriber?type=subscribers&page=1&search= 500 - 2ms
[2025-05-28T20:49:18.705Z] [INFO] GET /api/subscriber?type=subscriptions&page=1&search= 500 - 9ms
[2025-05-28T20:49:18.709Z] [INFO] GET /api/auth/profile 304 - 2ms
[2025-05-28T20:49:18.719Z] [INFO] GET /api/subscriber?type=subscriptions&page=1&search= 500 - 7ms
[2025-05-28T20:49:18.722Z] [INFO] GET /api/auth/profile 304 - 2ms
[2025-05-28T20:49:19.344Z] [INFO] GET /api/subscriber?type=subscribers&page=1&search= 500 - 3ms
[2025-05-28T20:50:36.700Z] [INFO] GET /api/subscriber?type=subscriptions&page=1&search= 500 - 8ms
[2025-05-28T20:50:36.708Z] [INFO] GET /api/auth/profile 304 - 2ms
[2025-05-28T20:50:36.705Z] [INFO] GET /api/auth/profile 304 - 2ms
[2025-05-28T20:50:36.712Z] [INFO] GET /api/subscriber?type=subscriptions&page=1&search= 500 - 2ms
[2025-05-28T20:50:40.758Z] [INFO] GET /api/subscriber?type=subscribers&page=1&search= 500 - 2ms
[2025-05-28T20:50:41.872Z] [INFO] GET /api/subscriber?type=subscriptions&page=1&search= 500 - 1ms
[2025-05-28T20:50:42.451Z] [INFO] GET /api/subscriber?type=subscribers&page=1&search= 500 - 1ms
[2025-05-28T20:50:47.118Z] [INFO] GET /api/subscriber?type=subscriptions&page=1&search= 500 - 2ms
[2025-05-28T20:50:47.627Z] [INFO] GET /api/subscriber?type=subscribers&page=1&search= 500 - 2ms
[2025-05-28T20:52:15.275Z] [INFO] GET /api/subscriber?type=subscriptions&page=1&search= 500 - 6ms
[2025-05-28T20:52:15.279Z] [INFO] GET /api/auth/profile 304 - 2ms
[2025-05-28T20:52:15.284Z] [INFO] GET /api/subscriber?type=subscriptions&page=1&search= 500 - 3ms
[2025-05-28T20:52:15.288Z] [INFO] GET /api/auth/profile 304 - 2ms
[2025-05-28T20:52:16.029Z] [INFO] GET /api/subscriber?type=subscribers&page=1&search= 500 - 2ms
[2025-05-28T20:53:17.722Z] [INFO] GET /api/subscriber?type=subscriptions&page=1&search= 500 - 10ms
[2025-05-28T20:53:19.205Z] [INFO] GET /api/subscriber?type=subscriptions&page=1&search= 500 - 4ms
[2025-05-28T20:53:19.214Z] [INFO] GET /api/subscriber?type=subscriptions&page=1&search= 500 - 3ms
[2025-05-28T20:53:19.217Z] [INFO] GET /api/auth/profile 304 - 2ms
[2025-05-28T20:53:19.209Z] [INFO] GET /api/auth/profile 304 - 3ms
[2025-05-28T20:59:13.636Z] [INFO] GET /api/subscriber?type=subscribers&page=1&search= 500 - 6ms
[2025-05-28T20:59:14.214Z] [INFO] GET /api/subscriber?type=subscriptions&page=1&search= 500 - 3ms
[2025-05-28T21:01:50.592Z] [INFO] GET /api/subscriber?type=subscribers&page=1&search= 500 - 7ms
[2025-05-28T21:01:51.117Z] [INFO] GET /api/subscriber?type=subscriptions&page=1&search= 500 - 3ms
[2025-05-28T21:01:52.677Z] [INFO] GET /api/subscriber?type=subscriptions&page=1&search= 500 - 4ms
[2025-05-28T21:01:52.679Z] [INFO] GET /api/auth/profile 304 - 1ms
[2025-05-28T21:01:52.689Z] [INFO] GET /api/subscriber?type=subscriptions&page=1&search= 500 - 8ms
[2025-05-28T21:01:52.694Z] [INFO] GET /api/auth/profile 304 - 3ms
[2025-05-28T21:02:09.195Z] [INFO] GET /api/subscriber?type=subscriptions&page=1&search= 500 - 11ms
[2025-05-28T21:02:09.199Z] [INFO] GET /api/auth/profile 304 - 2ms
[2025-05-28T21:02:09.208Z] [INFO] GET /api/subscriber?type=subscriptions&page=1&search= 500 - 5ms
[2025-05-28T21:02:09.210Z] [INFO] GET /api/auth/profile 304 - 2ms
[2025-05-28T21:02:46.516Z] [INFO] GET /api/subscriber?type=subscriptions&page=1&search= 500 - 9ms
[2025-05-28T21:02:46.521Z] [INFO] GET /api/auth/profile 304 - 3ms
[2025-05-28T21:02:46.530Z] [INFO] GET /api/subscriber?type=subscriptions&page=1&search= 500 - 8ms
[2025-05-28T21:02:46.533Z] [INFO] GET /api/auth/profile 304 - 2ms
[2025-05-28T21:03:21.499Z] [INFO] GET /api/subscriber?type=subscriptions&page=1&search= 500 - 7ms
[2025-05-28T21:03:21.504Z] [INFO] GET /api/auth/profile 304 - 3ms
[2025-05-28T21:03:21.513Z] [INFO] GET /api/auth/profile 304 - 2ms
[2025-05-28T21:03:21.510Z] [INFO] GET /api/subscriber?type=subscriptions&page=1&search= 500 - 4ms
[2025-05-28T21:04:15.188Z] [INFO] GET /api/subscriber?type=subscriptions&page=1&search= 500 - 8ms
[2025-05-28T21:04:15.194Z] [INFO] GET /api/auth/profile 304 - 3ms
[2025-05-28T21:04:15.208Z] [INFO] GET /api/subscriber?type=subscriptions&page=1&search= 500 - 5ms
[2025-05-28T21:04:15.199Z] [INFO] GET /api/auth/profile 304 - 2ms
[2025-05-28T21:04:19.923Z] [INFO] GET /api/subscriber?type=subscriptions&page=1&search= 500 - 2ms
[2025-05-28T21:04:19.926Z] [INFO] GET /api/auth/profile 304 - 2ms
[2025-05-28T21:04:19.929Z] [INFO] GET /api/auth/profile 304 - 2ms
[2025-05-28T21:04:19.933Z] [INFO] GET /api/subscriber?type=subscriptions&page=1&search= 500 - 2ms
[2025-05-28T21:04:42.070Z] [INFO] GET /api/auth/profile 304 - 3ms
[2025-05-28T21:04:42.065Z] [INFO] GET /api/subscriber?type=subscriptions&page=1&search= 500 - 7ms
[2025-05-28T21:04:42.074Z] [INFO] GET /api/subscriber?type=subscriptions&page=1&search= 500 - 3ms
[2025-05-28T21:04:42.078Z] [INFO] GET /api/auth/profile 304 - 2ms
[2025-05-28T21:08:02.042Z] [INFO] GET /api/subscriber?type=subscriptions&page=1&search= 500 - 9ms
[2025-05-28T21:08:02.048Z] [INFO] GET /api/auth/profile 304 - 3ms
[2025-05-28T21:08:02.054Z] [INFO] GET /api/subscriber?type=subscriptions&page=1&search= 500 - 4ms
[2025-05-28T21:08:02.058Z] [INFO] GET /api/auth/profile 304 - 4ms
[2025-05-28T21:08:23.229Z] [INFO] GET /api/subscriber?type=subscriptions&page=1&search= 500 - 10ms
[2025-05-28T21:08:23.236Z] [INFO] GET /api/auth/profile 304 - 2ms
[2025-05-28T21:08:23.233Z] [INFO] GET /api/auth/profile 304 - 2ms
[2025-05-28T21:08:23.243Z] [INFO] GET /api/subscriber?type=subscriptions&page=1&search= 500 - 3ms
[2025-05-28T21:09:28.617Z] [INFO] GET /api/subscriber?type=subscriptions&page=1&search= 500 - 8ms
[2025-05-28T21:09:28.625Z] [INFO] GET /api/auth/profile 304 - 2ms
[2025-05-28T21:09:28.622Z] [INFO] GET /api/auth/profile 304 - 3ms
[2025-05-28T21:09:28.630Z] [INFO] GET /api/subscriber?type=subscriptions&page=1&search= 500 - 3ms
[2025-05-28T21:10:48.811Z] [INFO] GET /api/auth/profile 304 - 4ms
[2025-05-28T21:10:48.817Z] [INFO] GET /api/auth/profile 304 - 3ms
[2025-05-28T21:10:48.907Z] [INFO] GET /api/subscriber?type=subscriptions&page=1&search= 200 - 115ms
[2025-05-28T21:10:48.918Z] [INFO] GET /api/subscriber?type=subscriptions&page=1&search= 304 - 10ms
[2025-05-28T21:11:24.261Z] [INFO] GET /api/auth/profile 304 - 6ms
[2025-05-28T21:11:24.264Z] [INFO] GET /api/auth/profile 304 - 2ms
[2025-05-28T21:11:24.328Z] [INFO] GET /api/subscriber?type=subscriptions&page=1&search= 304 - 89ms
[2025-05-28T21:11:24.342Z] [INFO] GET /api/subscriber?type=subscriptions&page=1&search= 304 - 12ms
[2025-05-28T21:12:22.248Z] [INFO] GET /api/auth/profile 304 - 5ms
[2025-05-28T21:12:22.251Z] [INFO] GET /api/auth/profile 304 - 2ms
[2025-05-28T21:12:22.306Z] [INFO] GET /api/subscriber?type=subscriptions&page=1&search= 304 - 75ms
[2025-05-28T21:12:22.321Z] [INFO] GET /api/subscriber?type=subscriptions&page=1&search= 304 - 13ms
[2025-05-28T21:13:45.765Z] [INFO] GET /api/auth/profile 304 - 2ms
[2025-05-28T21:13:45.762Z] [INFO] GET /api/auth/profile 304 - 3ms
[2025-05-28T21:13:45.829Z] [INFO] GET /api/subscriber?type=subscriptions&page=1&search= 304 - 93ms
[2025-05-28T21:13:45.840Z] [INFO] GET /api/subscriber?type=subscriptions&page=1&search= 304 - 10ms
[2025-05-28T21:14:13.517Z] [INFO] GET /api/subscriber?type=subscribers&page=1&search= 200 - 23ms
[2025-05-28T21:14:14.318Z] [INFO] GET /api/subscriber?type=subscriptions&page=1&search= 304 - 10ms
[2025-05-28T21:14:15.758Z] [INFO] GET /api/subscriber?type=subscribers&page=1&search= 304 - 8ms
[2025-05-28T21:14:16.839Z] [INFO] GET /api/subscriber?type=subscriptions&page=1&search= 304 - 8ms
[2025-05-28T21:14:18.613Z] [INFO] GET /api/auth/profile 304 - 3ms
[2025-05-28T21:14:18.617Z] [INFO] GET /api/auth/profile 304 - 2ms
[2025-05-28T21:14:18.629Z] [INFO] GET /api/subscriber?type=subscriptions&page=1&search= 304 - 26ms
[2025-05-28T21:14:18.644Z] [INFO] GET /api/subscriber?type=subscriptions&page=1&search= 304 - 13ms
[2025-05-28T21:15:49.091Z] [INFO] GET /api/auth/profile 304 - 1ms
[2025-05-28T21:15:49.094Z] [INFO] GET /api/auth/profile 304 - 1ms
[2025-05-28T21:15:49.136Z] [INFO] GET /api/subscriber?type=subscriptions&page=1&search= 304 - 50ms
[2025-05-28T21:15:49.147Z] [INFO] GET /api/subscriber?type=subscriptions&page=1&search= 304 - 10ms
[2025-05-28T21:17:22.328Z] [INFO] GET /api/user/profile 304 - 50ms
[2025-05-28T21:17:22.341Z] [INFO] GET /api/user/profile 304 - 12ms
[2025-05-28T21:17:23.404Z] [INFO] POST /api/auth/logout 200 - 3ms
[2025-05-28T21:17:24.449Z] [INFO] GET /api/auth/profile 401 - 1ms
[2025-05-28T21:17:24.451Z] [INFO] GET /api/auth/profile 401 - 1ms
[2025-05-28T21:17:24.452Z] [INFO] GET /api/auth/profile 401 - 0ms
[2025-05-28T21:17:24.455Z] [INFO] GET /api/auth/profile 401 - 1ms
[2025-05-28T21:17:33.292Z] [INFO] POST /api/auth/register 201 - 105ms
[2025-05-28T21:17:33.300Z] [INFO] GET /api/auth/profile 401 - 1ms
[2025-05-28T21:17:33.355Z] [INFO] GET /api/user/profile 401 - 1ms
[2025-05-28T21:17:38.866Z] [INFO] GET /api/auth/profile 401 - 1ms
[2025-05-28T21:17:38.869Z] [INFO] GET /api/auth/profile 401 - 1ms
[2025-05-28T21:17:39.727Z] [INFO] GET /api/auth/profile 401 - 1ms
[2025-05-28T21:17:39.728Z] [INFO] GET /api/auth/profile 401 - 1ms
[2025-05-28T21:17:39.729Z] [INFO] GET /api/auth/profile 401 - 0ms
[2025-05-28T21:17:39.731Z] [INFO] GET /api/auth/profile 401 - 1ms
[2025-05-28T21:17:47.281Z] [INFO] POST /api/auth/login 200 - 111ms
[2025-05-28T21:17:47.287Z] [INFO] GET /api/auth/profile 200 - 1ms
[2025-05-28T21:17:47.322Z] [INFO] GET /api/user/profile 200 - 13ms
[2025-05-28T21:17:50.711Z] [INFO] GET /api/subscriber?type=subscriptions&page=1&search= 200 - 9ms
[2025-05-28T21:17:50.720Z] [INFO] GET /api/subscriber?type=subscriptions&page=1&search= 304 - 8ms
[2025-05-28T21:18:36.953Z] [INFO] GET /api/auth/profile 304 - 2ms
[2025-05-28T21:18:36.956Z] [INFO] GET /api/auth/profile 304 - 2ms
[2025-05-28T21:18:36.970Z] [INFO] GET /api/subscriber?type=subscriptions&page=1&search= 200 - 23ms
[2025-05-28T21:18:36.982Z] [INFO] GET /api/subscriber?type=subscriptions&page=1&search= 304 - 10ms
[2025-05-28T21:19:19.869Z] [INFO] GET /api/auth/profile 304 - 3ms
[2025-05-28T21:19:19.899Z] [INFO] GET /api/auth/profile 304 - 1ms
[2025-05-28T21:19:19.902Z] [INFO] GET /api/subscriber?type=subscriptions&page=1&search= 304 - 40ms
[2025-05-28T21:19:19.913Z] [INFO] GET /api/subscriber?type=subscriptions&page=1&search= 304 - 10ms
[2025-05-28T21:19:23.621Z] [INFO] GET /api/auth/profile 304 - 1ms
[2025-05-28T21:19:23.625Z] [INFO] GET /api/auth/profile 304 - 1ms
[2025-05-28T21:19:23.628Z] [INFO] GET /api/subscriber?type=subscriptions&page=1&search= 304 - 10ms
[2025-05-28T21:19:23.644Z] [INFO] GET /api/subscriber?type=subscriptions&page=1&search= 304 - 10ms
[2025-05-28T21:20:29.222Z] [INFO] GET /api/auth/profile 304 - 1ms
[2025-05-28T21:20:29.224Z] [INFO] GET /api/auth/profile 304 - 1ms
[2025-05-28T21:20:29.241Z] [INFO] GET /api/subscriber?type=subscriptions&page=1&search= 304 - 34ms
[2025-05-28T21:20:29.255Z] [INFO] GET /api/subscriber?type=subscriptions&page=1&search= 304 - 12ms
[2025-05-28T21:20:31.302Z] [INFO] GET /api/subscriber?type=subscribers&page=1&search= 304 - 10ms
[2025-05-28T21:20:38.774Z] [INFO] GET /api/subscriber?type=subscriptions&page=1&search= 304 - 6ms
[2025-05-28T21:24:29.487Z] [INFO] GET /api/subscriber?type=subscriptions&page=1&search= 304 - 19ms
[2025-05-28T21:24:29.865Z] [INFO] GET /api/subscriber?type=subscriptions&page=1&search= 304 - 12ms
[2025-05-28T21:24:32.569Z] [INFO] GET /api/auth/profile 304 - 2ms
[2025-05-28T21:24:32.583Z] [INFO] GET /api/auth/profile 304 - 3ms
[2025-05-28T21:24:32.585Z] [INFO] GET /api/subscriber?type=subscriptions&page=1&search= 304 - 24ms
[2025-05-28T21:24:32.608Z] [INFO] GET /api/subscriber?type=subscriptions&page=1&search= 304 - 12ms
[2025-05-28T21:24:38.491Z] [INFO] GET /api/subscriber?type=subscribers&page=1&search= 304 - 8ms
[2025-05-28T21:24:39.413Z] [INFO] GET /api/subscriber?type=subscriptions&page=1&search= 304 - 10ms
[2025-05-28T21:24:43.939Z] [INFO] DELETE /api/subscriber/Niki2 500 - 12ms
