[2025-04-20T09:30:39.302Z] [INFO] File Queue initialized
[2025-04-20T09:30:39.503Z] [INFO] Upload directories initialized: ./uploads/events/tmp, ./uploads/events/gallery
[2025-04-20T09:30:39.504Z] [INFO] Upload directories initialized: ./uploads/events/tmp, ./uploads/events/main
[2025-04-20T09:31:09.310Z] [DEBUG] Processing cleanup queue (0 items)
[2025-04-20T09:31:39.410Z] [DEBUG] Processing cleanup queue (0 items)
[2025-04-20T09:32:09.418Z] [DEBUG] Processing cleanup queue (0 items)
[2025-04-20T09:32:39.424Z] [DEBUG] Processing cleanup queue (0 items)
[2025-04-20T09:33:09.438Z] [DEBUG] Processing cleanup queue (0 items)
[2025-04-20T09:33:39.444Z] [DEBUG] Processing cleanup queue (0 items)
[2025-04-20T09:34:09.456Z] [DEBUG] Processing cleanup queue (0 items)
[2025-04-20T09:34:39.457Z] [DEBUG] Processing cleanup queue (0 items)
[2025-04-20T09:35:09.460Z] [DEBUG] Processing cleanup queue (0 items)
[2025-04-20T09:35:39.469Z] [DEBUG] Processing cleanup queue (0 items)
[2025-04-20T09:36:09.482Z] [DEBUG] Processing cleanup queue (0 items)
[2025-04-20T09:36:39.489Z] [DEBUG] Processing cleanup queue (0 items)
[2025-04-20T09:37:09.492Z] [DEBUG] Processing cleanup queue (0 items)
[2025-04-20T09:37:39.498Z] [DEBUG] Processing cleanup queue (0 items)
[2025-04-20T09:38:09.514Z] [DEBUG] Processing cleanup queue (0 items)
[2025-04-20T09:38:39.523Z] [DEBUG] Processing cleanup queue (0 items)
[2025-04-20T09:39:09.527Z] [DEBUG] Processing cleanup queue (0 items)
[2025-04-20T09:39:39.536Z] [DEBUG] Processing cleanup queue (0 items)
[2025-04-20T09:40:09.546Z] [DEBUG] Processing cleanup queue (0 items)
[2025-04-20T09:40:39.557Z] [DEBUG] Processing cleanup queue (0 items)
[2025-04-20T09:41:09.559Z] [DEBUG] Processing cleanup queue (0 items)
[2025-04-20T09:41:39.563Z] [DEBUG] Processing cleanup queue (0 items)
[2025-04-20T09:42:09.569Z] [DEBUG] Processing cleanup queue (0 items)
[2025-04-20T09:42:39.569Z] [DEBUG] Processing cleanup queue (0 items)
[2025-04-20T09:43:09.576Z] [DEBUG] Processing cleanup queue (0 items)
[2025-04-20T09:43:39.579Z] [DEBUG] Processing cleanup queue (0 items)
[2025-04-20T09:44:09.592Z] [DEBUG] Processing cleanup queue (0 items)
[2025-04-20T09:44:39.604Z] [DEBUG] Processing cleanup queue (0 items)
[2025-04-20T09:45:09.610Z] [DEBUG] Processing cleanup queue (0 items)
[2025-04-20T09:45:39.623Z] [DEBUG] Processing cleanup queue (0 items)
[2025-04-20T09:46:09.635Z] [DEBUG] Processing cleanup queue (0 items)
[2025-04-20T09:46:39.646Z] [DEBUG] Processing cleanup queue (0 items)
[2025-04-20T09:47:09.659Z] [DEBUG] Processing cleanup queue (0 items)
[2025-04-20T09:47:39.660Z] [DEBUG] Processing cleanup queue (0 items)
[2025-04-20T09:48:09.675Z] [DEBUG] Processing cleanup queue (0 items)
[2025-04-20T09:48:39.687Z] [DEBUG] Processing cleanup queue (0 items)
[2025-04-20T09:49:09.694Z] [DEBUG] Processing cleanup queue (0 items)
[2025-04-20T09:49:39.702Z] [DEBUG] Processing cleanup queue (0 items)
[2025-04-20T09:50:09.717Z] [DEBUG] Processing cleanup queue (0 items)
[2025-04-20T09:50:39.732Z] [DEBUG] Processing cleanup queue (0 items)
[2025-04-20T09:51:09.735Z] [DEBUG] Processing cleanup queue (0 items)
[2025-04-20T09:51:39.740Z] [DEBUG] Processing cleanup queue (0 items)
[2025-04-20T09:52:09.746Z] [DEBUG] Processing cleanup queue (0 items)
[2025-04-20T09:52:39.760Z] [DEBUG] Processing cleanup queue (0 items)
[2025-04-20T09:53:09.761Z] [DEBUG] Processing cleanup queue (0 items)
[2025-04-20T09:53:39.766Z] [DEBUG] Processing cleanup queue (0 items)
[2025-04-20T09:54:09.779Z] [DEBUG] Processing cleanup queue (0 items)
[2025-04-20T09:54:39.791Z] [DEBUG] Processing cleanup queue (0 items)
[2025-04-20T09:55:09.797Z] [DEBUG] Processing cleanup queue (0 items)
[2025-04-20T09:55:17.008Z] [INFO] File Queue initialized
[2025-04-20T09:55:17.201Z] [INFO] Upload directories initialized: ./uploads/events/tmp, ./uploads/events/main
[2025-04-20T09:55:17.201Z] [INFO] Upload directories initialized: ./uploads/events/tmp, ./uploads/events/gallery
[2025-04-20T09:55:45.985Z] [DEBUG] Generated filename: b45635ce-dcfb-47c0-80b1-b951c5c80528.jpg
[2025-04-20T09:55:45.983Z] [DEBUG] Accepted file type: image/jpeg
[2025-04-20T09:55:46.122Z] [INFO] Processing file: uploads\events\tmp\b45635ce-dcfb-47c0-80b1-b951c5c80528.jpg
[2025-04-20T09:55:46.193Z] [DEBUG] File converted: uploads\events\main\4ae03834-f958-466e-86a7-80451ae7381d.webp
[2025-04-20T09:55:46.196Z] [WARN] Temp cleanup failed: uploads\events\tmp\b45635ce-dcfb-47c0-80b1-b951c5c80528.jpg - EBUSY: resource busy or locked, unlink 'C:\MERP\event-platform-backend\uploads\events\tmp\b45635ce-dcfb-47c0-80b1-b951c5c80528.jpg'
[2025-04-20T09:55:46.196Z] [DEBUG] Added to cleanup queue: uploads\events\tmp\b45635ce-dcfb-47c0-80b1-b951c5c80528.jpg
[2025-04-20T09:55:46.197Z] [DEBUG] Processing cleanup queue (1 items)
[2025-04-20T09:55:46.198Z] [INFO] Added to cleanup queue: uploads\events\tmp\b45635ce-dcfb-47c0-80b1-b951c5c80528.jpg
[2025-04-20T09:55:46.217Z] [ERROR] Cleanup error for uploads\events\tmp\b45635ce-dcfb-47c0-80b1-b951c5c80528.jpg: EBUSY: resource busy or locked, unlink 'C:\MERP\event-platform-backend\uploads\events\tmp\b45635ce-dcfb-47c0-80b1-b951c5c80528.jpg'
[2025-04-20T09:59:32.543Z] [INFO] File Queue initialized
[2025-04-20T09:59:33.494Z] [INFO] Upload directories initialized: ./uploads/events/tmp, ./uploads/events/main
[2025-04-20T09:59:33.507Z] [INFO] Upload directories initialized: ./uploads/events/tmp, ./uploads/events/gallery
[2025-04-20T10:00:02.544Z] [DEBUG] Processing cleanup queue (0 items)
[2025-04-20T10:00:32.558Z] [DEBUG] Processing cleanup queue (0 items)
[2025-04-20T10:01:04.402Z] [INFO] File Queue initialized
[2025-04-20T10:01:04.732Z] [INFO] Upload directories initialized: ./uploads/events/tmp, ./uploads/events/main
[2025-04-20T10:01:04.732Z] [INFO] Upload directories initialized: ./uploads/events/tmp, ./uploads/events/gallery
[2025-04-20T10:01:34.403Z] [DEBUG] Processing cleanup queue (0 items)
[2025-04-20T10:02:04.411Z] [DEBUG] Processing cleanup queue (0 items)
[2025-04-20T10:02:11.134Z] [INFO] File Queue initialized
[2025-04-20T10:02:11.308Z] [INFO] Upload directories initialized: ./uploads/events/tmp, ./uploads/events/gallery
[2025-04-20T10:02:11.308Z] [INFO] Upload directories initialized: ./uploads/events/tmp, ./uploads/events/main
[2025-04-20T10:02:41.148Z] [DEBUG] Processing cleanup queue (0 items)
[2025-04-20T10:02:47.006Z] [INFO] File Queue initialized
[2025-04-20T10:02:47.166Z] [INFO] Upload directories initialized: ./uploads/events/tmp, ./uploads/events/gallery
[2025-04-20T10:02:47.168Z] [INFO] Upload directories initialized: ./uploads/events/tmp, ./uploads/events/main
[2025-04-20T10:03:17.020Z] [DEBUG] Processing cleanup queue (0 items)
[2025-04-20T10:03:47.032Z] [DEBUG] Processing cleanup queue (0 items)
[2025-04-20T10:04:17.034Z] [DEBUG] Processing cleanup queue (0 items)
[2025-04-20T10:04:47.040Z] [DEBUG] Processing cleanup queue (0 items)
[2025-04-20T10:05:17.043Z] [DEBUG] Processing cleanup queue (0 items)
[2025-04-20T10:05:47.055Z] [DEBUG] Processing cleanup queue (0 items)
[2025-04-20T10:06:17.057Z] [DEBUG] Processing cleanup queue (0 items)
[2025-04-20T10:06:25.607Z] [INFO] File Queue initialized
[2025-04-20T10:06:25.788Z] [INFO] Upload directories initialized: ./uploads/events/tmp, ./uploads/events/gallery
[2025-04-20T10:06:25.789Z] [INFO] Upload directories initialized: ./uploads/events/tmp, ./uploads/events/main
[2025-04-20T10:06:55.613Z] [DEBUG] Processing cleanup queue (0 items)
[2025-04-20T10:07:25.652Z] [DEBUG] Processing cleanup queue (0 items)
[2025-04-20T10:07:56.296Z] [INFO] File Queue initialized
[2025-04-20T10:07:56.617Z] [INFO] Upload directories initialized: ./uploads/events/tmp, ./uploads/events/main
[2025-04-20T10:07:56.617Z] [INFO] Upload directories initialized: ./uploads/events/tmp, ./uploads/events/gallery
[2025-04-20T10:08:26.298Z] [DEBUG] Processing cleanup queue (0 items)
[2025-04-20T10:08:44.390Z] [DEBUG] Accepted file type: image/jpeg
[2025-04-20T10:08:44.391Z] [DEBUG] Generated filename: 7dde2239-3cef-43a9-81cf-36af82ef34b5.jpg
[2025-04-20T10:08:44.455Z] [INFO] Processing file: uploads\events\tmp\7dde2239-3cef-43a9-81cf-36af82ef34b5.jpg
[2025-04-20T10:08:44.496Z] [DEBUG] File converted: uploads\events\main\22667d98-3b44-4366-ae3d-822c8c7b2151.webp
[2025-04-20T10:08:44.497Z] [WARN] Temp cleanup failed: uploads\events\tmp\7dde2239-3cef-43a9-81cf-36af82ef34b5.jpg - EBUSY: resource busy or locked, unlink 'C:\MERP\event-platform-backend\uploads\events\tmp\7dde2239-3cef-43a9-81cf-36af82ef34b5.jpg'
[2025-04-20T10:08:44.498Z] [DEBUG] Processing cleanup queue (1 items)
[2025-04-20T10:08:44.498Z] [DEBUG] Added to cleanup queue: uploads\events\tmp\7dde2239-3cef-43a9-81cf-36af82ef34b5.jpg
[2025-04-20T10:08:44.498Z] [INFO] Added to cleanup queue: uploads\events\tmp\7dde2239-3cef-43a9-81cf-36af82ef34b5.jpg
[2025-04-20T10:08:44.505Z] [ERROR] Cleanup error for uploads\events\tmp\7dde2239-3cef-43a9-81cf-36af82ef34b5.jpg: EBUSY: resource busy or locked, unlink 'C:\MERP\event-platform-backend\uploads\events\tmp\7dde2239-3cef-43a9-81cf-36af82ef34b5.jpg'
[2025-04-20T10:10:31.458Z] [INFO] File Queue initialized
[2025-04-20T10:10:31.626Z] [INFO] Upload directories initialized: ./uploads/events/tmp, ./uploads/events/main
[2025-04-20T10:10:31.627Z] [INFO] Upload directories initialized: ./uploads/events/tmp, ./uploads/events/gallery
[2025-04-20T10:11:01.464Z] [DEBUG] Processing cleanup queue (0 items)
[2025-04-20T10:11:31.462Z] [DEBUG] Processing cleanup queue (0 items)
[2025-04-20T10:11:54.683Z] [INFO] File Queue initialized
[2025-04-20T10:11:54.915Z] [INFO] Upload directories initialized: ./uploads/events/tmp, ./uploads/events/gallery
[2025-04-20T10:11:54.915Z] [INFO] Upload directories initialized: ./uploads/events/tmp, ./uploads/events/main
[2025-04-20T10:12:24.693Z] [DEBUG] Processing cleanup queue (0 items)
[2025-04-20T10:12:54.701Z] [DEBUG] Processing cleanup queue (0 items)
[2025-04-20T10:13:24.714Z] [DEBUG] Processing cleanup queue (0 items)
[2025-04-20T10:13:54.724Z] [DEBUG] Processing cleanup queue (0 items)
[2025-04-20T10:14:24.730Z] [DEBUG] Processing cleanup queue (0 items)
[2025-04-20T10:14:54.743Z] [DEBUG] Processing cleanup queue (0 items)
[2025-04-20T10:15:24.746Z] [DEBUG] Processing cleanup queue (0 items)
[2025-04-20T10:15:54.751Z] [DEBUG] Processing cleanup queue (0 items)
[2025-04-20T10:16:24.757Z] [DEBUG] Processing cleanup queue (0 items)
[2025-04-20T10:16:54.760Z] [DEBUG] Processing cleanup queue (0 items)
[2025-04-20T10:17:24.771Z] [DEBUG] Processing cleanup queue (0 items)
[2025-04-20T10:17:54.784Z] [DEBUG] Processing cleanup queue (0 items)
[2025-04-20T10:18:24.796Z] [DEBUG] Processing cleanup queue (0 items)
[2025-04-20T13:18:40.079Z] [DEBUG] Processing cleanup queue (0 items)
[2025-04-20T16:59:20.934Z] [DEBUG] Processing cleanup queue (0 items)
[2025-04-20T16:59:50.943Z] [DEBUG] Processing cleanup queue (0 items)
[2025-04-20T17:00:20.948Z] [DEBUG] Processing cleanup queue (0 items)
[2025-04-20T17:00:50.953Z] [DEBUG] Processing cleanup queue (0 items)
[2025-04-20T17:01:13.277Z] [INFO] File Queue initialized
[2025-04-20T17:01:13.436Z] [INFO] Upload directories initialized: ./uploads/events/tmp, ./uploads/events/main
[2025-04-20T17:01:13.435Z] [INFO] Upload directories initialized: ./uploads/events/tmp, ./uploads/events/gallery
[2025-04-20T17:01:43.290Z] [DEBUG] Processing cleanup queue (0 items)
[2025-04-20T17:02:11.236Z] [DEBUG] Accepted file type: image/jpeg
[2025-04-20T17:02:11.239Z] [DEBUG] Generated filename: 7d95b65f-6f7c-47a8-9174-1532f07c43d4.jpg
[2025-04-20T17:02:11.367Z] [INFO] Processing file: uploads\events\tmp\7d95b65f-6f7c-47a8-9174-1532f07c43d4.jpg
[2025-04-20T17:02:11.561Z] [DEBUG] File converted: uploads\events\main\d393a423-c219-46f8-b589-042e49249b96.webp
[2025-04-20T17:02:11.622Z] [DEBUG] Temp file cleaned: uploads\events\tmp\7d95b65f-6f7c-47a8-9174-1532f07c43d4.jpg
[2025-04-20T17:02:23.307Z] [INFO] File Queue initialized
[2025-04-20T17:02:23.459Z] [INFO] Upload directories initialized: ./uploads/events/tmp, ./uploads/events/gallery
[2025-04-20T17:02:23.460Z] [INFO] Upload directories initialized: ./uploads/events/tmp, ./uploads/events/main
[2025-04-20T17:02:52.898Z] [DEBUG] Generated filename: f4b94ee9-1542-404d-980f-e42db5fbe575.jpg
[2025-04-20T17:02:52.896Z] [DEBUG] Accepted file type: image/jpeg
[2025-04-20T17:02:52.965Z] [INFO] Processing file: uploads\events\tmp\f4b94ee9-1542-404d-980f-e42db5fbe575.jpg
[2025-04-20T17:02:53.225Z] [DEBUG] File converted: uploads\events\main\956d43a7-06fe-4b2b-997b-8fa629d7fce6.webp
[2025-04-20T17:02:53.283Z] [DEBUG] Temp file cleaned: uploads\events\tmp\f4b94ee9-1542-404d-980f-e42db5fbe575.jpg
[2025-04-20T17:02:53.307Z] [DEBUG] Processing cleanup queue (0 items)
[2025-04-20T17:03:23.320Z] [DEBUG] Processing cleanup queue (0 items)
[2025-04-20T17:03:53.325Z] [DEBUG] Processing cleanup queue (0 items)
[2025-04-20T17:04:23.326Z] [DEBUG] Processing cleanup queue (0 items)
[2025-04-20T17:04:44.365Z] [INFO] File Queue initialized
[2025-04-20T17:04:44.500Z] [INFO] Upload directories initialized: ./uploads/events/tmp, ./uploads/events/gallery
[2025-04-20T17:04:44.500Z] [INFO] Upload directories initialized: ./uploads/events/tmp, ./uploads/events/main
[2025-04-20T17:05:14.379Z] [DEBUG] Processing cleanup queue (0 items)
[2025-04-20T17:05:43.671Z] [INFO] File Queue initialized
[2025-04-20T17:05:43.850Z] [INFO] Upload directories initialized: ./uploads/events/tmp, ./uploads/events/gallery
[2025-04-20T17:05:43.850Z] [INFO] Upload directories initialized: ./uploads/events/tmp, ./uploads/events/main
[2025-04-20T17:06:13.682Z] [DEBUG] Processing cleanup queue (0 items)
[2025-04-20T17:06:43.685Z] [DEBUG] Processing cleanup queue (0 items)
[2025-04-20T17:07:13.688Z] [DEBUG] Processing cleanup queue (0 items)
[2025-04-20T17:07:26.548Z] [DEBUG] Generated filename: 8391d2a2-c14f-44d3-9ed1-5cf1445e9554.jpg
[2025-04-20T17:07:26.546Z] [DEBUG] Accepted file type: image/jpeg
[2025-04-20T17:07:26.601Z] [INFO] Processing file: uploads\events\tmp\8391d2a2-c14f-44d3-9ed1-5cf1445e9554.jpg
[2025-04-20T17:07:26.743Z] [DEBUG] File converted: uploads\events\main\4fb1ee35-ea27-436a-938f-9195c9aa2626.webp
[2025-04-20T17:07:26.780Z] [DEBUG] Temp file cleaned: uploads\events\tmp\8391d2a2-c14f-44d3-9ed1-5cf1445e9554.jpg
[2025-04-20T17:07:43.703Z] [DEBUG] Processing cleanup queue (0 items)
[2025-04-20T17:07:53.160Z] [DEBUG] Generated filename: 9a11bf9e-1371-4388-ba84-bb71eca8ea03.jpg
[2025-04-20T17:07:53.159Z] [DEBUG] Accepted file type: image/jpeg
[2025-04-20T17:07:53.217Z] [INFO] Processing file: uploads\events\tmp\9a11bf9e-1371-4388-ba84-bb71eca8ea03.jpg
[2025-04-20T17:07:53.268Z] [DEBUG] File converted: uploads\events\main\4ba41528-2f72-49df-b3a0-fa18791e4d52.webp
[2025-04-20T17:07:53.270Z] [WARN] Temp cleanup failed: uploads\events\tmp\9a11bf9e-1371-4388-ba84-bb71eca8ea03.jpg - EBUSY: resource busy or locked, unlink 'C:\MERP\event-platform-backend\uploads\events\tmp\9a11bf9e-1371-4388-ba84-bb71eca8ea03.jpg'
[2025-04-20T17:07:53.270Z] [DEBUG] Added to cleanup queue: uploads\events\tmp\9a11bf9e-1371-4388-ba84-bb71eca8ea03.jpg
[2025-04-20T17:07:53.271Z] [INFO] Added to cleanup queue: uploads\events\tmp\9a11bf9e-1371-4388-ba84-bb71eca8ea03.jpg
[2025-04-20T17:07:53.271Z] [DEBUG] Processing cleanup queue (1 items)
[2025-04-20T17:07:53.272Z] [ERROR] Cleanup error for uploads\events\tmp\9a11bf9e-1371-4388-ba84-bb71eca8ea03.jpg: EBUSY: resource busy or locked, unlink 'C:\MERP\event-platform-backend\uploads\events\tmp\9a11bf9e-1371-4388-ba84-bb71eca8ea03.jpg'
[2025-04-20T17:08:13.716Z] [DEBUG] Processing cleanup queue (1 items)
[2025-04-20T17:08:13.718Z] [ERROR] Cleanup error for uploads\events\tmp\9a11bf9e-1371-4388-ba84-bb71eca8ea03.jpg: EBUSY: resource busy or locked, unlink 'C:\MERP\event-platform-backend\uploads\events\tmp\9a11bf9e-1371-4388-ba84-bb71eca8ea03.jpg'
[2025-04-20T17:08:43.731Z] [DEBUG] Processing cleanup queue (1 items)
[2025-04-20T17:08:43.733Z] [ERROR] Cleanup error for uploads\events\tmp\9a11bf9e-1371-4388-ba84-bb71eca8ea03.jpg: EBUSY: resource busy or locked, unlink 'C:\MERP\event-platform-backend\uploads\events\tmp\9a11bf9e-1371-4388-ba84-bb71eca8ea03.jpg'
[2025-04-20T17:09:13.737Z] [DEBUG] Processing cleanup queue (1 items)
[2025-04-20T17:09:13.738Z] [ERROR] Cleanup error for uploads\events\tmp\9a11bf9e-1371-4388-ba84-bb71eca8ea03.jpg: EBUSY: resource busy or locked, unlink 'C:\MERP\event-platform-backend\uploads\events\tmp\9a11bf9e-1371-4388-ba84-bb71eca8ea03.jpg'
[2025-04-20T17:09:43.746Z] [DEBUG] Processing cleanup queue (1 items)
[2025-04-20T17:09:43.748Z] [ERROR] Cleanup error for uploads\events\tmp\9a11bf9e-1371-4388-ba84-bb71eca8ea03.jpg: EBUSY: resource busy or locked, unlink 'C:\MERP\event-platform-backend\uploads\events\tmp\9a11bf9e-1371-4388-ba84-bb71eca8ea03.jpg'
[2025-04-20T17:10:13.746Z] [DEBUG] Processing cleanup queue (1 items)
[2025-04-20T17:10:13.748Z] [ERROR] Cleanup error for uploads\events\tmp\9a11bf9e-1371-4388-ba84-bb71eca8ea03.jpg: EBUSY: resource busy or locked, unlink 'C:\MERP\event-platform-backend\uploads\events\tmp\9a11bf9e-1371-4388-ba84-bb71eca8ea03.jpg'
[2025-04-20T17:10:43.747Z] [DEBUG] Processing cleanup queue (1 items)
[2025-04-20T17:10:43.748Z] [ERROR] Cleanup error for uploads\events\tmp\9a11bf9e-1371-4388-ba84-bb71eca8ea03.jpg: EBUSY: resource busy or locked, unlink 'C:\MERP\event-platform-backend\uploads\events\tmp\9a11bf9e-1371-4388-ba84-bb71eca8ea03.jpg'
[2025-04-20T17:11:13.760Z] [DEBUG] Processing cleanup queue (1 items)
[2025-04-20T17:11:13.763Z] [ERROR] Cleanup error for uploads\events\tmp\9a11bf9e-1371-4388-ba84-bb71eca8ea03.jpg: EBUSY: resource busy or locked, unlink 'C:\MERP\event-platform-backend\uploads\events\tmp\9a11bf9e-1371-4388-ba84-bb71eca8ea03.jpg'
[2025-04-20T17:11:43.767Z] [DEBUG] Processing cleanup queue (1 items)
[2025-04-20T17:11:43.768Z] [ERROR] Cleanup error for uploads\events\tmp\9a11bf9e-1371-4388-ba84-bb71eca8ea03.jpg: EBUSY: resource busy or locked, unlink 'C:\MERP\event-platform-backend\uploads\events\tmp\9a11bf9e-1371-4388-ba84-bb71eca8ea03.jpg'
[2025-04-20T17:12:13.767Z] [DEBUG] Processing cleanup queue (1 items)
[2025-04-20T17:12:13.769Z] [ERROR] Cleanup error for uploads\events\tmp\9a11bf9e-1371-4388-ba84-bb71eca8ea03.jpg: EBUSY: resource busy or locked, unlink 'C:\MERP\event-platform-backend\uploads\events\tmp\9a11bf9e-1371-4388-ba84-bb71eca8ea03.jpg'
[2025-04-20T17:12:43.778Z] [DEBUG] Processing cleanup queue (1 items)
[2025-04-20T17:12:43.780Z] [ERROR] Cleanup error for uploads\events\tmp\9a11bf9e-1371-4388-ba84-bb71eca8ea03.jpg: EBUSY: resource busy or locked, unlink 'C:\MERP\event-platform-backend\uploads\events\tmp\9a11bf9e-1371-4388-ba84-bb71eca8ea03.jpg'
[2025-04-20T17:13:13.785Z] [DEBUG] Processing cleanup queue (1 items)
[2025-04-20T17:13:13.786Z] [ERROR] Cleanup error for uploads\events\tmp\9a11bf9e-1371-4388-ba84-bb71eca8ea03.jpg: EBUSY: resource busy or locked, unlink 'C:\MERP\event-platform-backend\uploads\events\tmp\9a11bf9e-1371-4388-ba84-bb71eca8ea03.jpg'
[2025-04-20T17:13:43.786Z] [DEBUG] Processing cleanup queue (1 items)
[2025-04-20T17:13:43.788Z] [ERROR] Cleanup error for uploads\events\tmp\9a11bf9e-1371-4388-ba84-bb71eca8ea03.jpg: EBUSY: resource busy or locked, unlink 'C:\MERP\event-platform-backend\uploads\events\tmp\9a11bf9e-1371-4388-ba84-bb71eca8ea03.jpg'
[2025-04-20T17:14:13.786Z] [DEBUG] Processing cleanup queue (1 items)
[2025-04-20T17:14:13.787Z] [ERROR] Cleanup error for uploads\events\tmp\9a11bf9e-1371-4388-ba84-bb71eca8ea03.jpg: EBUSY: resource busy or locked, unlink 'C:\MERP\event-platform-backend\uploads\events\tmp\9a11bf9e-1371-4388-ba84-bb71eca8ea03.jpg'
[2025-04-20T17:14:43.788Z] [DEBUG] Processing cleanup queue (1 items)
[2025-04-20T17:14:43.790Z] [ERROR] Cleanup error for uploads\events\tmp\9a11bf9e-1371-4388-ba84-bb71eca8ea03.jpg: EBUSY: resource busy or locked, unlink 'C:\MERP\event-platform-backend\uploads\events\tmp\9a11bf9e-1371-4388-ba84-bb71eca8ea03.jpg'
[2025-04-20T17:15:13.803Z] [DEBUG] Processing cleanup queue (1 items)
[2025-04-20T17:15:13.804Z] [ERROR] Cleanup error for uploads\events\tmp\9a11bf9e-1371-4388-ba84-bb71eca8ea03.jpg: EBUSY: resource busy or locked, unlink 'C:\MERP\event-platform-backend\uploads\events\tmp\9a11bf9e-1371-4388-ba84-bb71eca8ea03.jpg'
[2025-04-20T17:15:21.688Z] [INFO] File Queue initialized
[2025-04-20T17:15:21.821Z] [INFO] Upload directories initialized: ./uploads/events/tmp, ./uploads/events/gallery
[2025-04-20T17:15:21.821Z] [INFO] Upload directories initialized: ./uploads/events/tmp, ./uploads/events/main
[2025-04-20T17:15:38.955Z] [INFO] File Queue initialized
[2025-04-20T17:15:39.105Z] [INFO] Upload directories initialized: ./uploads/events/tmp, ./uploads/events/main
[2025-04-20T17:15:39.105Z] [INFO] Upload directories initialized: ./uploads/events/tmp, ./uploads/events/gallery
[2025-04-20T17:16:17.984Z] [INFO] File Queue initialized
[2025-04-20T17:16:18.161Z] [INFO] Upload directories initialized: ./uploads/events/tmp, ./uploads/events/gallery
[2025-04-20T17:16:18.160Z] [INFO] Upload directories initialized: ./uploads/events/tmp, ./uploads/events/main
[2025-04-20T17:16:49.008Z] [INFO] File Queue initialized
[2025-04-20T17:16:49.139Z] [INFO] Upload directories initialized: ./uploads/events/tmp, ./uploads/events/gallery
[2025-04-20T17:16:49.140Z] [INFO] Upload directories initialized: ./uploads/events/tmp, ./uploads/events/main
[2025-04-20T17:18:08.106Z] [INFO] File Queue initialized
[2025-04-20T17:18:08.237Z] [INFO] Upload directories initialized: ./uploads/events/tmp, ./uploads/events/gallery
[2025-04-20T17:18:08.237Z] [INFO] Upload directories initialized: ./uploads/events/tmp, ./uploads/events/main
[2025-04-20T17:18:34.394Z] [DEBUG] Accepted file type: image/webp
[2025-04-20T17:18:34.395Z] [DEBUG] Generated filename: 252766a9-750a-4ff2-a8b7-4b1eff9b3acc.webp
[2025-04-20T17:19:13.187Z] [INFO] File Queue initialized
[2025-04-20T17:19:13.307Z] [INFO] Upload directories initialized: ./uploads/events/tmp, ./uploads/events/gallery
[2025-04-20T17:19:13.307Z] [INFO] Upload directories initialized: ./uploads/events/tmp, ./uploads/events/main
[2025-04-20T17:20:11.962Z] [DEBUG] Accepted file type: image/webp
[2025-04-20T17:20:11.964Z] [DEBUG] Generated filename: b7f8ad2e-eafd-4782-b0d4-e2c4045a8e91.webp
[2025-04-20T17:20:11.978Z] [INFO] Processing file: uploads\events\tmp\b7f8ad2e-eafd-4782-b0d4-e2c4045a8e91.webp
[2025-04-20T17:20:12.308Z] [DEBUG] File converted: uploads\events\main\c340a7ef-7ae1-42cd-8692-35eb95b00bad.webp
[2025-04-20T17:20:12.813Z] [WARN] Temp cleanup failed: uploads\events\tmp\b7f8ad2e-eafd-4782-b0d4-e2c4045a8e91.webp - EBUSY: resource busy or locked, unlink 'C:\MERP\event-platform-backend\uploads\events\tmp\b7f8ad2e-eafd-4782-b0d4-e2c4045a8e91.webp'
[2025-04-20T17:20:12.814Z] [DEBUG] Added to cleanup queue: uploads\events\tmp\b7f8ad2e-eafd-4782-b0d4-e2c4045a8e91.webp
[2025-04-20T17:20:12.831Z] [WARN] Retry scheduled (1/5) for uploads\events\tmp\b7f8ad2e-eafd-4782-b0d4-e2c4045a8e91.webp
[2025-04-20T17:20:43.210Z] [WARN] Retry scheduled (2/5) for uploads\events\tmp\b7f8ad2e-eafd-4782-b0d4-e2c4045a8e91.webp
[2025-04-20T17:21:13.217Z] [WARN] Retry scheduled (3/5) for uploads\events\tmp\b7f8ad2e-eafd-4782-b0d4-e2c4045a8e91.webp
[2025-04-20T17:21:43.224Z] [WARN] Retry scheduled (4/5) for uploads\events\tmp\b7f8ad2e-eafd-4782-b0d4-e2c4045a8e91.webp
[2025-04-20T17:22:13.227Z] [WARN] Retry scheduled (5/5) for uploads\events\tmp\b7f8ad2e-eafd-4782-b0d4-e2c4045a8e91.webp
[2025-04-20T17:23:13.248Z] [ERROR] Permanent failure for uploads\events\tmp\b7f8ad2e-eafd-4782-b0d4-e2c4045a8e91.webp: EBUSY: resource busy or locked, unlink 'C:\MERP\event-platform-backend\uploads\events\tmp\b7f8ad2e-eafd-4782-b0d4-e2c4045a8e91.webp'
[2025-04-20T17:24:32.130Z] [INFO] File Queue initialized
[2025-04-20T17:24:32.251Z] [INFO] Upload directories initialized: ./uploads/events/tmp, ./uploads/events/gallery
[2025-04-20T17:24:32.251Z] [INFO] Upload directories initialized: ./uploads/events/tmp, ./uploads/events/main
[2025-04-20T17:24:51.257Z] [DEBUG] Accepted file type: image/png
[2025-04-20T17:24:51.258Z] [DEBUG] Generated filename: bb05e82a-3b23-4785-b68f-354f252a976c.png
[2025-04-20T17:26:40.206Z] [INFO] File Queue initialized
[2025-04-20T17:26:40.484Z] [INFO] Upload directories initialized: ./uploads/events/tmp, ./uploads/events/main
[2025-04-20T17:26:40.484Z] [INFO] Upload directories initialized: ./uploads/events/tmp, ./uploads/events/gallery
[2025-04-20T17:27:22.267Z] [INFO] File Queue initialized
[2025-04-20T17:27:22.414Z] [INFO] Upload directories initialized: ./uploads/events/tmp, ./uploads/events/main
[2025-04-20T17:27:22.414Z] [INFO] Upload directories initialized: ./uploads/events/tmp, ./uploads/events/gallery
[2025-04-20T17:28:01.864Z] [INFO] File Queue initialized
[2025-04-20T17:28:01.987Z] [INFO] Upload directories initialized: ./uploads/events/tmp, ./uploads/events/main
[2025-04-20T17:28:01.987Z] [INFO] Upload directories initialized: ./uploads/events/tmp, ./uploads/events/gallery
[2025-04-20T17:28:06.422Z] [DEBUG] Accepted file type: image/png
[2025-04-20T17:28:06.423Z] [DEBUG] Generated filename: 266e33c9-7373-4ed4-9a53-7ec922740758.png
[2025-04-20T17:28:46.714Z] [DEBUG] Generated filename: 74e4187d-e875-4adf-b0ac-226060587153.jpg
[2025-04-20T17:28:46.713Z] [DEBUG] Accepted file type: image/jpeg
[2025-04-20T17:29:34.285Z] [DEBUG] Accepted file type: image/png
[2025-04-20T17:29:34.287Z] [DEBUG] Generated filename: 04f50a1d-1d8c-48aa-8076-a1cae2909b61.png
[2025-04-20T17:29:50.183Z] [DEBUG] Accepted file type: image/png
[2025-04-20T17:29:50.183Z] [DEBUG] Generated filename: 5c4d349e-844d-4bf8-91e7-712a28c4b335.png
[2025-04-20T17:31:01.531Z] [DEBUG] Accepted file type: image/jpeg
[2025-04-20T17:31:01.532Z] [DEBUG] Generated filename: 5d09eb3e-fdeb-4ffd-83e7-8e60d7949f70.jpg
[2025-04-20T17:32:10.512Z] [DEBUG] Generated filename: da1738ae-ddbf-44ff-a180-91366fa5500f.jpg
[2025-04-20T17:32:10.512Z] [DEBUG] Accepted file type: image/jpeg
[2025-04-20T17:36:56.258Z] [DEBUG] Accepted file type: image/jpeg
[2025-04-20T17:36:56.258Z] [DEBUG] Generated filename: 091480cf-c2c1-4205-bd68-a52afafca85d.jpg
